<?xml version="1.0" encoding="UTF-8"?>
<coverage generated="1692932141934" clover="3.2.0">
  <project timestamp="1692932141934" name="All files">
    <metrics statements="22" coveredstatements="19" conditionals="4" coveredconditionals="2" methods="7" coveredmethods="7" elements="33" coveredelements="28" complexity="0" loc="22" ncloc="22" packages="1" files="5" classes="5"/>
    <file name="actividad1.js" path="/Users/alan/Sites/bootcamp-javascript-2-g623/semana-4/tema-8/jest/actividad1.js">
      <metrics statements="5" coveredstatements="5" conditionals="0" coveredconditionals="0" methods="4" coveredmethods="4"/>
      <line num="1" count="1" type="stmt"/>
      <line num="2" count="1" type="stmt"/>
      <line num="3" count="1" type="stmt"/>
      <line num="4" count="1" type="stmt"/>
      <line num="6" count="1" type="stmt"/>
    </file>
    <file name="actividad2.js" path="/Users/alan/Sites/bootcamp-javascript-2-g623/semana-4/tema-8/jest/actividad2.js">
      <metrics statements="7" coveredstatements="5" conditionals="2" coveredconditionals="1" methods="1" coveredmethods="1"/>
      <line num="1" count="1" type="stmt"/>
      <line num="2" count="1" type="stmt"/>
      <line num="5" count="1" type="cond" truecount="1" falsecount="1"/>
      <line num="7" count="0" type="stmt"/>
      <line num="10" count="1" type="stmt"/>
      <line num="12" count="0" type="stmt"/>
      <line num="15" count="1" type="stmt"/>
    </file>
    <file name="arrays.js" path="/Users/alan/Sites/bootcamp-javascript-2-g623/semana-4/tema-8/jest/arrays.js">
      <metrics statements="3" coveredstatements="3" conditionals="0" coveredconditionals="0" methods="0" coveredmethods="0"/>
      <line num="1" count="1" type="stmt"/>
      <line num="15" count="1" type="stmt"/>
      <line num="25" count="1" type="stmt"/>
    </file>
    <file name="objectMapping.js" path="/Users/alan/Sites/bootcamp-javascript-2-g623/semana-4/tema-8/jest/objectMapping.js">
      <metrics statements="5" coveredstatements="4" conditionals="2" coveredconditionals="1" methods="1" coveredmethods="1"/>
      <line num="1" count="1" type="stmt"/>
      <line num="8" count="1" type="cond" truecount="1" falsecount="1"/>
      <line num="9" count="0" type="stmt"/>
      <line num="11" count="1" type="stmt"/>
      <line num="14" count="1" type="stmt"/>
    </file>
    <file name="suma.js" path="/Users/alan/Sites/bootcamp-javascript-2-g623/semana-4/tema-8/jest/suma.js">
      <metrics statements="2" coveredstatements="2" conditionals="0" coveredconditionals="0" methods="1" coveredmethods="1"/>
      <line num="2" count="1" type="stmt"/>
      <line num="4" count="1" type="stmt"/>
    </file>
  </project>
</coverage>
