{"/Users/alan/Sites/bootcamp-javascript-2-g623/semana-4/tema-8/jest/actividad1.js": {"path":"/Users/alan/Sites/bootcamp-javascript-2-g623/semana-4/tema-8/jest/actividad1.js","statementMap":{"0":{"start":{"line":1,"column":14},"end":{"line":1,"column":29}},"1":{"start":{"line":1,"column":24},"end":{"line":1,"column":29}},"2":{"start":{"line":2,"column":15},"end":{"line":2,"column":30}},"3":{"start":{"line":2,"column":25},"end":{"line":2,"column":30}},"4":{"start":{"line":3,"column":20},"end":{"line":3,"column":35}},"5":{"start":{"line":3,"column":30},"end":{"line":3,"column":35}},"6":{"start":{"line":4,"column":16},"end":{"line":4,"column":31}},"7":{"start":{"line":4,"column":26},"end":{"line":4,"column":31}},"8":{"start":{"line":6,"column":0},"end":{"line":8,"column":1}}},"fnMap":{"0":{"name":"(anonymous_0)","decl":{"start":{"line":1,"column":14},"end":{"line":1,"column":15}},"loc":{"start":{"line":1,"column":24},"end":{"line":1,"column":29}},"line":1},"1":{"name":"(anonymous_1)","decl":{"start":{"line":2,"column":15},"end":{"line":2,"column":16}},"loc":{"start":{"line":2,"column":25},"end":{"line":2,"column":30}},"line":2},"2":{"name":"(anonymous_2)","decl":{"start":{"line":3,"column":20},"end":{"line":3,"column":21}},"loc":{"start":{"line":3,"column":30},"end":{"line":3,"column":35}},"line":3},"3":{"name":"(anonymous_3)","decl":{"start":{"line":4,"column":16},"end":{"line":4,"column":17}},"loc":{"start":{"line":4,"column":26},"end":{"line":4,"column":31}},"line":4}},"branchMap":{},"s":{"0":1,"1":1,"2":1,"3":1,"4":1,"5":1,"6":1,"7":1,"8":1},"f":{"0":1,"1":1,"2":1,"3":1},"b":{},"_coverageSchema":"1a1c01bbd47fc00a2c39e90264f33305004495a9","hash":"4289af91121e9a8be23816acee284ef93a7881d4"}
,"/Users/alan/Sites/bootcamp-javascript-2-g623/semana-4/tema-8/jest/actividad2.js": {"path":"/Users/alan/Sites/bootcamp-javascript-2-g623/semana-4/tema-8/jest/actividad2.js","statementMap":{"0":{"start":{"line":1,"column":21},"end":{"line":1,"column":28}},"1":{"start":{"line":2,"column":22},"end":{"line":2,"column":29}},"2":{"start":{"line":5,"column":4},"end":{"line":11,"column":5}},"3":{"start":{"line":7,"column":12},"end":{"line":7,"column":30}},"4":{"start":{"line":10,"column":12},"end":{"line":10,"column":40}},"5":{"start":{"line":12,"column":4},"end":{"line":12,"column":13}},"6":{"start":{"line":15,"column":0},"end":{"line":15,"column":31}}},"fnMap":{"0":{"name":"lenguajePagina","decl":{"start":{"line":4,"column":9},"end":{"line":4,"column":23}},"loc":{"start":{"line":4,"column":34},"end":{"line":13,"column":1}},"line":4}},"branchMap":{"0":{"loc":{"start":{"line":5,"column":4},"end":{"line":11,"column":5}},"type":"switch","locations":[{"start":{"line":6,"column":8},"end":{"line":7,"column":30}},{"start":{"line":9,"column":8},"end":{"line":10,"column":40}}],"line":5}},"s":{"0":1,"1":1,"2":1,"3":0,"4":1,"5":0,"6":1},"f":{"0":1},"b":{"0":[0,1]},"_coverageSchema":"1a1c01bbd47fc00a2c39e90264f33305004495a9","hash":"9e592d7207f18bfdcf55578ad1d13ead64131e9c"}
,"/Users/alan/Sites/bootcamp-javascript-2-g623/semana-4/tema-8/jest/arrays.js": {"path":"/Users/alan/Sites/bootcamp-javascript-2-g623/semana-4/tema-8/jest/arrays.js","statementMap":{"0":{"start":{"line":1,"column":16},"end":{"line":13,"column":1}},"1":{"start":{"line":15,"column":13},"end":{"line":23,"column":1}},"2":{"start":{"line":25,"column":0},"end":{"line":25,"column":34}}},"fnMap":{},"branchMap":{},"s":{"0":1,"1":1,"2":1},"f":{},"b":{},"_coverageSchema":"1a1c01bbd47fc00a2c39e90264f33305004495a9","hash":"f5ca4706c7052eca8ced05478e970bf2db104bc1"}
,"/Users/alan/Sites/bootcamp-javascript-2-g623/semana-4/tema-8/jest/objectMapping.js": {"path":"/Users/alan/Sites/bootcamp-javascript-2-g623/semana-4/tema-8/jest/objectMapping.js","statementMap":{"0":{"start":{"line":1,"column":22},"end":{"line":5,"column":1}},"1":{"start":{"line":8,"column":4},"end":{"line":10,"column":5}},"2":{"start":{"line":9,"column":8},"end":{"line":9,"column":47}},"3":{"start":{"line":11,"column":4},"end":{"line":11,"column":30}},"4":{"start":{"line":14,"column":0},"end":{"line":14,"column":37}}},"fnMap":{"0":{"name":"getObjectDescripcion","decl":{"start":{"line":7,"column":9},"end":{"line":7,"column":29}},"loc":{"start":{"line":7,"column":36},"end":{"line":12,"column":1}},"line":7}},"branchMap":{"0":{"loc":{"start":{"line":8,"column":4},"end":{"line":10,"column":5}},"type":"if","locations":[{"start":{"line":8,"column":4},"end":{"line":10,"column":5}},{"start":{},"end":{}}],"line":8}},"s":{"0":1,"1":1,"2":0,"3":1,"4":1},"f":{"0":1},"b":{"0":[0,1]},"_coverageSchema":"1a1c01bbd47fc00a2c39e90264f33305004495a9","hash":"e58d5cff093dc6e5b9040b4dd4a5af73f09335da"}
,"/Users/alan/Sites/bootcamp-javascript-2-g623/semana-4/tema-8/jest/suma.js": {"path":"/Users/alan/Sites/bootcamp-javascript-2-g623/semana-4/tema-8/jest/suma.js","statementMap":{"0":{"start":{"line":2,"column":4},"end":{"line":2,"column":17}},"1":{"start":{"line":4,"column":0},"end":{"line":4,"column":22}}},"fnMap":{"0":{"name":"suma","decl":{"start":{"line":1,"column":9},"end":{"line":1,"column":13}},"loc":{"start":{"line":1,"column":20},"end":{"line":3,"column":1}},"line":1}},"branchMap":{},"s":{"0":1,"1":1},"f":{"0":1},"b":{},"_coverageSchema":"1a1c01bbd47fc00a2c39e90264f33305004495a9","hash":"7e00a56ff384b38ef75909fe7d82c1f87309862e"}
}
