TN:
SF:actividad1.js
FN:1,(anonymous_0)
FN:2,(anonymous_1)
FN:3,(anonymous_2)
FN:4,(anonymous_3)
FNF:4
FNH:4
FNDA:1,(anonymous_0)
FNDA:1,(anonymous_1)
FNDA:1,(anonymous_2)
FNDA:1,(anonymous_3)
DA:1,1
DA:2,1
DA:3,1
DA:4,1
DA:6,1
LF:5
LH:5
BRF:0
BRH:0
end_of_record
TN:
SF:actividad2.js
FN:4,lenguajePagina
FNF:1
FNH:1
FNDA:1,lenguajePagina
DA:1,1
DA:2,1
DA:5,1
DA:7,0
DA:10,1
DA:12,0
DA:15,1
LF:7
LH:5
BRDA:5,0,0,0
BRDA:5,0,1,1
BRF:2
BRH:1
end_of_record
TN:
SF:arrays.js
FNF:0
FNH:0
DA:1,1
DA:15,1
DA:25,1
LF:3
LH:3
BRF:0
BRH:0
end_of_record
TN:
SF:objectMapping.js
FN:7,getObjectDescripcion
FNF:1
FNH:1
FNDA:1,getObjectDescripcion
DA:1,1
DA:8,1
DA:9,0
DA:11,1
DA:14,1
LF:5
LH:4
BRDA:8,0,0,0
BRDA:8,0,1,1
BRF:2
BRH:1
end_of_record
TN:
SF:suma.js
FN:1,suma
FNF:1
FNH:1
FNDA:1,suma
DA:2,1
DA:4,1
LF:2
LH:2
BRF:0
BRH:0
end_of_record
